{"timestamp":"2026-02-22T10:31:12.266767Z","level":"info","event":"DAG bundles loaded: dags-folder, example_dags","logger":"airflow.dag_processing.bundles.manager.DagBundlesManager","filename":"manager.py","lineno":179}
{"timestamp":"2026-02-22T10:31:12.267427Z","level":"info","event":"Filling up the DagBag from /opt/airflow/dags/weather_dag.py","logger":"airflow.models.dagbag.BundleDagBag","filename":"dagbag.py","lineno":593}
{"timestamp":"2026-02-22T10:31:12.285282Z","level":"info","event":"→ Conectando em postgres:5432/weather_data","logger":"root","filename":"load_data.py","lineno":22}
{"timestamp":"2026-02-22T10:31:12.294496Z","level":"warning","event":"The `airflow.decorators.dag` attribute is deprecated. Please use `'airflow.sdk.dag'`.","category":"DeprecatedImportWarning","filename":"/opt/airflow/dags/weather_dag.py","lineno":2,"logger":"py.warnings"}
{"timestamp":"2026-02-22T10:31:12.294679Z","level":"warning","event":"The `airflow.decorators.task` attribute is deprecated. Please use `'airflow.sdk.task'`.","category":"DeprecatedImportWarning","filename":"/opt/airflow/dags/weather_dag.py","lineno":2,"logger":"py.warnings"}
{"timestamp":"2026-02-22T10:31:12.308555Z","level":"info","event":"Task instance is in running state","logger":"task.stdout"}
{"timestamp":"2026-02-22T10:31:12.308713Z","level":"info","event":" Previous state of the Task instance: TaskInstanceState.QUEUED","logger":"task.stdout"}
{"timestamp":"2026-02-22T10:31:12.308853Z","level":"info","event":"Current task name:transform","logger":"task.stdout"}
{"timestamp":"2026-02-22T10:31:12.308977Z","level":"info","event":"Dag name:weather_pipeline","logger":"task.stdout"}
{"timestamp":"2026-02-22T10:31:12.310383Z","level":"info","event":"Iniciando transformações dos dados...","logger":"task.stdout"}
{"timestamp":"2026-02-22T10:31:12.310444Z","level":"info","event":"Carregando dados do arquivo /opt/airflow/data/weather_data.json","logger":"root","filename":"transform_data.py","lineno":42}
{"timestamp":"2026-02-22T10:31:12.317090Z","level":"info","event":"\n Coluna 'weather' normalizada - 30 colunas","logger":"root","filename":"transform_data.py","lineno":66}
{"timestamp":"2026-02-22T10:31:12.317255Z","level":"info","event":"\n Removendo colunas: ['weather', 'weather_icon', 'sys.type']","logger":"root","filename":"transform_data.py","lineno":71}
{"timestamp":"2026-02-22T10:31:12.318363Z","level":"info","event":"Colunas removidas - 27 colunas restantes","logger":"root","filename":"transform_data.py","lineno":73}
{"timestamp":"2026-02-22T10:31:12.318476Z","level":"info","event":"\n Renomeando 26 colunas...","logger":"root","filename":"transform_data.py","lineno":77}
{"timestamp":"2026-02-22T10:31:12.318845Z","level":"info","event":"Colunas renomeadas","logger":"root","filename":"transform_data.py","lineno":79}
{"timestamp":"2026-02-22T10:31:12.318937Z","level":"info","event":"\n Convertendo colunas para datetime: ['datetime', 'sunrise', 'sunset']","logger":"root","filename":"transform_data.py","lineno":84}
{"timestamp":"2026-02-22T10:31:12.321510Z","level":"info","event":"Colunas convtidas para datetime","logger":"root","filename":"transform_data.py","lineno":87}
{"timestamp":"2026-02-22T10:31:12.321607Z","level":"info","event":"\n Transformações concluídas - 27 colunas","logger":"root","filename":"transform_data.py","lineno":98}
{"timestamp":"2026-02-22T10:31:12.368822Z","level":"info","event":"Done. Returned value was: None","logger":"airflow.task.operators.airflow.providers.standard.decorators.python._PythonDecoratedOperator","filename":"python.py","lineno":230}
{"timestamp":"2026-02-22T10:31:12.381315Z","level":"info","event":"Task instance in success state","logger":"task.stdout"}
{"timestamp":"2026-02-22T10:31:12.381435Z","level":"info","event":" Previous state of the Task instance: TaskInstanceState.RUNNING","logger":"task.stdout"}
{"timestamp":"2026-02-22T10:31:12.381730Z","level":"info","event":"Task operator:<Task(_PythonDecoratedOperator): transform>","logger":"task.stdout"}
