{"timestamp":"2026-02-22T10:22:37.125909Z","level":"info","event":"DAG bundles loaded: dags-folder, example_dags","logger":"airflow.dag_processing.bundles.manager.DagBundlesManager","filename":"manager.py","lineno":179}
{"timestamp":"2026-02-22T10:22:37.126413Z","level":"info","event":"Filling up the DagBag from /opt/airflow/dags/weather_dag.py","logger":"airflow.models.dagbag.BundleDagBag","filename":"dagbag.py","lineno":593}
{"timestamp":"2026-02-22T10:22:37.139790Z","level":"info","event":"→ Conectando em postgres:5432/weather_data","logger":"root","filename":"load_data.py","lineno":22}
{"timestamp":"2026-02-22T10:22:37.146846Z","level":"warning","event":"The `airflow.decorators.dag` attribute is deprecated. Please use `'airflow.sdk.dag'`.","category":"DeprecatedImportWarning","filename":"/opt/airflow/dags/weather_dag.py","lineno":2,"logger":"py.warnings"}
{"timestamp":"2026-02-22T10:22:37.146978Z","level":"warning","event":"The `airflow.decorators.task` attribute is deprecated. Please use `'airflow.sdk.task'`.","category":"DeprecatedImportWarning","filename":"/opt/airflow/dags/weather_dag.py","lineno":2,"logger":"py.warnings"}
{"timestamp":"2026-02-22T10:22:37.159753Z","level":"info","event":"Task instance is in running state","logger":"task.stdout"}
{"timestamp":"2026-02-22T10:22:37.159866Z","level":"info","event":" Previous state of the Task instance: TaskInstanceState.QUEUED","logger":"task.stdout"}
{"timestamp":"2026-02-22T10:22:37.159981Z","level":"info","event":"Current task name:transform","logger":"task.stdout"}
{"timestamp":"2026-02-22T10:22:37.160030Z","level":"info","event":"Dag name:weather_pipeline","logger":"task.stdout"}
{"timestamp":"2026-02-22T10:22:37.161143Z","level":"info","event":"Iniciando transformações dos dados...","logger":"task.stdout"}
{"timestamp":"2026-02-22T10:22:37.161195Z","level":"info","event":"Carregando dados do arquivo /opt/airflow/data/weather_data.json","logger":"root","filename":"transform_data.py","lineno":42}
{"timestamp":"2026-02-22T10:22:37.163840Z","level":"info","event":"\n Coluna 'weather' normalizada - 30 colunas","logger":"root","filename":"transform_data.py","lineno":66}
{"timestamp":"2026-02-22T10:22:37.163957Z","level":"info","event":"\n Removendo colunas: ['weather', 'weather_icon', 'sys.type']","logger":"root","filename":"transform_data.py","lineno":71}
{"timestamp":"2026-02-22T10:22:37.164491Z","level":"info","event":"Colunas removidas - 27 colunas restantes","logger":"root","filename":"transform_data.py","lineno":73}
{"timestamp":"2026-02-22T10:22:37.164583Z","level":"info","event":"\n Renomeando 26 colunas...","logger":"root","filename":"transform_data.py","lineno":77}
{"timestamp":"2026-02-22T10:22:37.164905Z","level":"info","event":"Colunas renomeadas","logger":"root","filename":"transform_data.py","lineno":79}
{"timestamp":"2026-02-22T10:22:37.164988Z","level":"info","event":"\n Convertendo colunas para datetime: ['datetime', 'sunrise', 'sunset']","logger":"root","filename":"transform_data.py","lineno":84}
{"timestamp":"2026-02-22T10:22:37.167426Z","level":"info","event":"Colunas convtidas para datetime","logger":"root","filename":"transform_data.py","lineno":87}
{"timestamp":"2026-02-22T10:22:37.167565Z","level":"info","event":"\n Transformações concluídas - 27 colunas","logger":"root","filename":"transform_data.py","lineno":98}
{"timestamp":"2026-02-22T10:22:37.178385Z","level":"info","event":"Done. Returned value was: None","logger":"airflow.task.operators.airflow.providers.standard.decorators.python._PythonDecoratedOperator","filename":"python.py","lineno":230}
{"timestamp":"2026-02-22T10:22:37.190278Z","level":"info","event":"Task instance in success state","logger":"task.stdout"}
{"timestamp":"2026-02-22T10:22:37.190376Z","level":"info","event":" Previous state of the Task instance: TaskInstanceState.RUNNING","logger":"task.stdout"}
{"timestamp":"2026-02-22T10:22:37.190577Z","level":"info","event":"Task operator:<Task(_PythonDecoratedOperator): transform>","logger":"task.stdout"}
